<?xml version="1.0" encoding="UTF-8"?>
<!-- Generated by org.testng.reporters.JUnitReportReporter -->
<testsuite hostname="user1" failures="0" tests="1" name="testScripts.AutoComplete" time="7.861" errors="0" timestamp="2025-04-01T14:33:33 IST" skipped="0">
  <testcase classname="testScripts.AutoComplete" name="f" time="7.861"/>
</testsuite> <!-- testScripts.AutoComplete -->
