<?xml version="1.0" encoding="UTF-8"?>
<!-- Generated by org.testng.reporters.JUnitReportReporter -->
<testsuite hostname="user1" failures="0" tests="1" name="testScripts.WebTable" time="5.335" errors="0" timestamp="2025-03-25T16:30:50 IST" skipped="0">
  <testcase classname="testScripts.WebTable" name="search" time="5.335"/>
</testsuite> <!-- testScripts.WebTable -->
