<?xml version="1.0" encoding="UTF-8"?>
<!-- Generated by org.testng.reporters.JUnitReportReporter -->
<testsuite hostname="user1" failures="0" tests="1" name="testScripts.JavaScriptExecutor" time="5.523" errors="0" timestamp="2025-04-03T12:45:36 IST" skipped="0">
  <testcase classname="testScripts.JavaScriptExecutor" name="f" time="5.523"/>
</testsuite> <!-- testScripts.JavaScriptExecutor -->
