<?xml version="1.0" encoding="UTF-8"?>
<!-- Generated by org.testng.reporters.JUnitReportReporter -->
<testsuite hostname="user1" failures="0" tests="1" name="testScripts.BasicMethods" time="11.599" errors="0" timestamp="2025-03-27T15:05:22 IST" skipped="0">
  <testcase classname="testScripts.BasicMethods" name="f" time="11.599"/>
</testsuite> <!-- testScripts.BasicMethods -->
