<?xml version="1.0" encoding="UTF-8"?>
<!-- Generated by org.testng.reporters.JUnitReportReporter -->
<testsuite hostname="user1" failures="0" tests="1" name="testScripts.LoginPageTest2" time="11.415" errors="0" timestamp="2025-04-03T16:23:44 IST" skipped="0">
  <testcase classname="testScripts.LoginPageTest2" name="check" time="11.415"/>
</testsuite> <!-- testScripts.LoginPageTest2 -->
