<?xml version="1.0" encoding="UTF-8"?>
<!-- Generated by org.testng.reporters.JUnitReportReporter -->
<testsuite hostname="user1" failures="0" tests="1" name="ParallerScript.sampleThreeTest" time="1.925" errors="0" timestamp="2025-04-03T14:50:31 IST" skipped="0">
  <testcase classname="ParallerScript.sampleThreeTest" name="sample1" time="1.925"/>
</testsuite> <!-- ParallerScript.sampleThreeTest -->
