<?xml version="1.0" encoding="UTF-8"?>
<!-- Generated by org.testng.reporters.JUnitReportReporter -->
<testsuite hostname="user1" failures="0" tests="6" name="ParallerScript.sampleOneTest" time="28.474" errors="0" timestamp="2025-04-03T15:01:42 IST" skipped="0">
  <testcase classname="ParallerScript.sampleOneTest" name="sample4" time="2.337"/>
  <testcase classname="ParallerScript.sampleOneTest" name="sample3" time="5.727"/>
  <testcase classname="ParallerScript.sampleOneTest" name="sample1" time="5.260"/>
  <testcase classname="ParallerScript.sampleOneTest" name="sample1" time="5.065"/>
  <testcase classname="ParallerScript.sampleOneTest" name="sample1" time="5.028"/>
  <testcase classname="ParallerScript.sampleOneTest" name="sample2" time="5.057"/>
</testsuite> <!-- ParallerScript.sampleOneTest -->
