<?xml version="1.0" encoding="UTF-8"?>
<!-- Generated by org.testng.reporters.JUnitReportReporter -->
<testsuite hostname="user1" failures="0" tests="1" name="testScripts.ShadowDOM" time="7.240" errors="0" timestamp="2025-03-28T15:33:20 IST" skipped="0">
  <testcase classname="testScripts.ShadowDOM" name="f" time="7.240"/>
</testsuite> <!-- testScripts.ShadowDOM -->
