<?xml version="1.0" encoding="UTF-8"?>
<!-- Generated by org.testng.reporters.JUnitReportReporter -->
<testsuite hostname="user1" failures="0" tests="1" name="testScripts.WindowHandles" time="21.975" errors="0" timestamp="2025-03-28T17:51:56 IST" skipped="0">
  <testcase classname="testScripts.WindowHandles" name="f" time="21.975"/>
</testsuite> <!-- testScripts.WindowHandles -->
