<?xml version="1.0" encoding="UTF-8"?>
<!-- Generated by org.testng.reporters.JUnitReportReporter -->
<testsuite hostname="user1" failures="0" tests="1" name="testScripts.LoginPageTest" time="4.629" errors="0" timestamp="2025-04-03T17:59:54 IST" skipped="0">
  <testcase classname="testScripts.LoginPageTest" name="seleniumSearch" time="4.629"/>
</testsuite> <!-- testScripts.LoginPageTest -->
