<?xml version="1.0" encoding="UTF-8"?>
<!-- Generated by org.testng.reporters.JUnitReportReporter -->
<testsuite hostname="user1" failures="0" tests="1" name="testScripts.GooglePageTest" time="4.479" errors="0" timestamp="2025-03-25T15:34:28 IST" skipped="0">
  <testcase classname="testScripts.GooglePageTest" name="seleniumSearch" time="4.479"/>
</testsuite> <!-- testScripts.GooglePageTest -->
