<?xml version="1.0" encoding="UTF-8"?>
<!-- Generated by org.testng.reporters.JUnitReportReporter -->
<testsuite hostname="user1" failures="0" tests="1" name="testScripts.CheckBoxes" time="9.525" errors="0" timestamp="2025-03-27T15:26:07 IST" skipped="0">
  <testcase classname="testScripts.CheckBoxes" name="f" time="9.525"/>
</testsuite> <!-- testScripts.CheckBoxes -->
