<?xml version="1.0" encoding="UTF-8"?>
<!-- Generated by org.testng.reporters.JUnitReportReporter -->
<testsuite hostname="user1" failures="0" tests="1" name="testScripts.RadioButton" time="7.435" errors="0" timestamp="2025-03-27T15:48:16 IST" skipped="0">
  <testcase classname="testScripts.RadioButton" name="f" time="7.435"/>
</testsuite> <!-- testScripts.RadioButton -->
