<?xml version="1.0" encoding="UTF-8"?>
<!-- Generated by org.testng.reporters.JUnitReportReporter -->
<testsuite hostname="user1" failures="0" tests="1" name="testScripts.SelectPartcularText" time="9.553" errors="0" timestamp="2025-03-27T16:22:43 IST" skipped="0">
  <testcase classname="testScripts.SelectPartcularText" name="f" time="9.553"/>
</testsuite> <!-- testScripts.SelectPartcularText -->
