<?xml version="1.0" encoding="UTF-8"?>
<!-- Generated by org.testng.reporters.JUnitReportReporter -->
<testsuite hostname="user1" failures="0" tests="4" name="ParallerScript.sampleTwoTest" time="14.328" errors="0" timestamp="2025-04-03T14:50:31 IST" skipped="0">
  <testcase classname="ParallerScript.sampleTwoTest" name="sample4" time="5.025"/>
  <testcase classname="ParallerScript.sampleTwoTest" name="sample1" time="2.550"/>
  <testcase classname="ParallerScript.sampleTwoTest" name="sample3" time="2.656"/>
  <testcase classname="ParallerScript.sampleTwoTest" name="sample2" time="4.097"/>
</testsuite> <!-- ParallerScript.sampleTwoTest -->
