<?xml version="1.0" encoding="UTF-8"?>
<!-- Generated by org.testng.reporters.JUnitReportReporter -->
<testsuite hostname="user1" failures="0" tests="1" name="testScripts.RelativeLocators" time="3.478" errors="0" timestamp="2025-03-26T14:08:10 IST" skipped="0">
  <testcase classname="testScripts.RelativeLocators" name="f" time="3.478"/>
</testsuite> <!-- testScripts.RelativeLocators -->
