<?xml version="1.0" encoding="UTF-8"?>
<!-- Generated by org.testng.reporters.JUnitReportReporter -->
<testsuite hostname="user1" failures="0" tests="1" name="testScripts.FileDownload" time="3.886" errors="0" timestamp="2025-03-28T15:01:00 IST" skipped="0">
  <testcase classname="testScripts.FileDownload" name="f" time="3.886"/>
</testsuite> <!-- testScripts.FileDownload -->
