<?xml version="1.0" encoding="UTF-8"?>
<!-- Generated by org.testng.reporters.JUnitReportReporter -->
<testsuite hostname="user1" failures="0" tests="1" name="testScripts.SelectDropDown" time="6.876" errors="0" timestamp="2025-03-27T17:00:15 IST" skipped="0">
  <testcase classname="testScripts.SelectDropDown" name="f" time="6.876"/>
</testsuite> <!-- testScripts.SelectDropDown -->
